MAPA DE MEMÓRIA WRAM:
03003CFA - ??
03003D06 - Posição atual (relativo ao começo do bloco a ser decodificado)
03003D0C - Besteira
03003D18 - Ponteiro Relativo
03003D24 -
03003D26
03003D28 - Ínicio do bloco de dados		CONSTANTE: 08180CE8
03003D2C - Início da tabela de ponteiros	CONSTANTE: 08180D08
03003D30 - Ínicio do texto			CONSTANTE: 08181448

66dca0   -  0866dca1

b084 -- 0800b085



Posição absoluta da tabela de conversão: [08129648] = 08180CE8
Posição absoluta do ínicio dos ponteiros: 08180CE8 + 20h
Posição absoluta do ínicio dos textos: 08180CE8 + 760h

Alterando-se o primeiro endereço, altera-se os demais consequentemente
Nova posição absoluta: 08645c20

08129E0C b530 push {r4,r5,lr}                     R00=08180ce8 R01=08181160 R02=08181448 R03=00000458 R04=03007ec6 R05=08181160 R06=04000200 R07=03003d28 R08=03007ec6 R09=08180ce8 R10=08181448 R11=00000000 R12=0300276b R13=03007e64 R14=08129d45 R15=08129e0e
08129E0E 1c0c add r4, r1, #0x0                    R00=08180ce8 R01=08181160 R02=08181448 R03=00000458 R04=03007ec6 R05=08181160 R06=04000200 R07=03003d28 R08=03007ec6 R09=08180ce8 R10=08181448 R11=00000000 R12=0300276b R13=03007e58 R14=08129d45 R15=08129e10
08129E10 1a20 sub r0, r4, r0                      R00=08180ce8 R01=08181160 R02=08181448 R03=00000458 R04=08181160 R05=08181160 R06=04000200 R07=03003d28 R08=03007ec6 R09=08180ce8 R10=08181448 R11=00000000 R12=0300276b R13=03007e58 R14=08129d45 R15=08129e12
08129E12 25ff mov r5, #0xff                       R00=00000478 R01=08181160 R02=08181448 R03=00000458 R04=08181160 R05=08181160 R06=04000200 R07=03003d28 R08=03007ec6 R09=08180ce8 R10=08181448 R11=00000000 R12=0300276b R13=03007e58 R14=08129d45 R15=08129e14
08129E14 4005 and r5, r0                          R00=00000478 R01=08181160 R02=08181448 R03=00000458 R04=08181160 R05=000000ff R06=04000200 R07=03003d28 R08=03007ec6 R09=08180ce8 R10=08181448 R11=00000000 R12=0300276b R13=03007e58 R14=08129d45 R15=08129e16
08129E16 210f mov r1, #0xf                        R00=00000478 R01=08181160 R02=08181448 R03=00000458 R04=08181160 R05=00000078 R06=04000200 R07=03003d28 R08=03007ec6 R09=08180ce8 R10=08181448 R11=00000000 R12=0300276b R13=03007e58 R14=08129d45 R15=08129e18
08129E18 1c03 add r3, r0, #0x0                    R00=00000478 R01=0000000f R02=08181448 R03=00000458 R04=08181160 R05=00000078 R06=04000200 R07=03003d28 R08=03007ec6 R09=08180ce8 R10=08181448 R11=00000000 R12=0300276b R13=03007e58 R14=08129d45 R15=08129e1a
08129E1A 400b and r3, r1                          R00=00000478 R01=0000000f R02=08181448 R03=00000478 R04=08181160 R05=00000078 R06=04000200 R07=03003d28 R08=03007ec6 R09=08180ce8 R10=08181448 R11=00000000 R12=0300276b R13=03007e58 R14=08129d45 R15=08129e1c
08129E1C 282a cmp r0, #0x2a                       R00=00000478 R01=0000000f R02=08181448 R03=00000008 R04=08181160 R05=00000078 R06=04000200 R07=03003d28 R08=03007ec6 R09=08180ce8 R10=08181448 R11=00000000 R12=0300276b R13=03007e58 R14=08129d45 R15=08129e1e
08129E1E dc09 bgt $08129e34                       R00=00000478 R01=0000000f R02=08181448 R03=00000008 R04=08181160 R05=00000078 R06=04000200 R07=03003d28 R08=03007ec6 R09=08180ce8 R10=08181448 R11=00000000 R12=0300276b R13=03007e58 R14=08129d45 R15=08129e20
08129E34 4a09 ldr r2, [$08129e5c] (=$08180cd0)    R00=00000478 R01=0000000f R02=08181448 R03=00000008 R04=08181160 R05=00000078 R06=04000200 R07=03003d28 R08=03007ec6 R09=08180ce8 R10=08181448 R11=00000000 R12=0300276b R13=03007e58 R14=08129d45 R15=08129e36
08129E36 1ac8 sub r0, r1, r3                      R00=00000478 R01=0000000f R02=08180cd0 R03=00000008 R04=08181160 R05=00000078 R06=04000200 R07=03003d28 R08=03007ec6 R09=08180ce8 R10=08181448 R11=00000000 R12=0300276b R13=03007e58 R14=08129d45 R15=08129e38
08129E38 1880 add r0, r0, r2                      R00=00000007 R01=0000000f R02=08180cd0 R03=00000008 R04=08181160 R05=00000078 R06=04000200 R07=03003d28 R08=03007ec6 R09=08180ce8 R10=08181448 R11=00000000 R12=0300276b R13=03007e58 R14=08129d45 R15=08129e3a
08129E3A 7800 ldrb r0, [r0, #0x0]                 R00=08180cd7 R01=0000000f R02=08180cd0 R03=00000008 R04=08181160 R05=00000078 R06=04000200 R07=03003d28 R08=03007ec6 R09=08180ce8 R10=08181448 R11=00000000 R12=0300276b R13=03007e58 R14=08129d45 R15=08129e3c
08129E3C 1a28 sub r0, r5, r0                      R00=0000006a R01=0000000f R02=08180cd0 R03=00000008 R04=08181160 R05=00000078 R06=04000200 R07=03003d28 R08=03007ec6 R09=08180ce8 R10=08181448 R11=00000000 R12=0300276b R13=03007e58 R14=08129d45 R15=08129e3e
08129E3E 7821 ldrb r1, [r4, #0x0]                 R00=0000000e R01=0000000f R02=08180cd0 R03=00000008 R04=08181160 R05=00000078 R06=04000200 R07=03003d28 R08=03007ec6 R09=08180ce8 R10=08181448 R11=00000000 R12=0300276b R13=03007e58 R14=08129d45 R15=08129e40
08129E40 4048 eor r0, r1                          R00=0000000e R01=00000010 R02=08180cd0 R03=00000008 R04=08181160 R05=00000078 R06=04000200 R07=03003d28 R08=03007ec6 R09=08180ce8 R10=08181448 R11=00000000 R12=0300276b R13=03007e58 R14=08129d45 R15=08129e42
08129E42 1c21 add r1, r4, #0x0                    R00=0000001e R01=00000010 R02=08180cd0 R03=00000008 R04=08181160 R05=00000078 R06=04000200 R07=03003d28 R08=03007ec6 R09=08180ce8 R10=08181448 R11=00000000 R12=0300276b R13=03007e58 R14=08129d45 R15=08129e44
08129E44 392b sub r1, #0x2b                       R00=0000001e R01=08181160 R02=08180cd0 R03=00000008 R04=08181160 R05=00000078 R06=04000200 R07=03003d28 R08=03007ec6 R09=08180ce8 R10=08181448 R11=00000000 R12=0300276b R13=03007e58 R14=08129d45 R15=08129e46
08129E46 7809 ldrb r1, [r1, #0x0]                 R00=0000001e R01=08181135 R02=08180cd0 R03=00000008 R04=08181160 R05=00000078 R06=04000200 R07=03003d28 R08=03007ec6 R09=08180ce8 R10=08181448 R11=00000000 R12=0300276b R13=03007e58 R14=08129d45 R15=08129e48
08129E48 1a40 sub r0, r0, r1                      R00=0000001e R01=0000004d R02=08180cd0 R03=00000008 R04=08181160 R05=00000078 R06=04000200 R07=03003d28 R08=03007ec6 R09=08180ce8 R10=08181448 R11=00000000 R12=0300276b R13=03007e58 R14=08129d45 R15=08129e4a
08129E4A 1b40 sub r0, r0, r5                      R00=ffffffd1 R01=0000004d R02=08180cd0 R03=00000008 R04=08181160 R05=00000078 R06=04000200 R07=03003d28 R08=03007ec6 R09=08180ce8 R10=08181448 R11=00000000 R12=0300276b R13=03007e58 R14=08129d45 R15=08129e4c
08129E4C 189a add r2, r3, r2                      R00=ffffff59 R01=0000004d R02=08180cd0 R03=00000008 R04=08181160 R05=00000078 R06=04000200 R07=03003d28 R08=03007ec6 R09=08180ce8 R10=08181448 R11=00000000 R12=0300276b R13=03007e58 R14=08129d45 R15=08129e4e
08129E4E 7811 ldrb r1, [r2, #0x0]                 R00=ffffff59 R01=0000004d R02=08180cd8 R03=00000008 R04=08181160 R05=00000078 R06=04000200 R07=03003d28 R08=03007ec6 R09=08180ce8 R10=08181448 R11=00000000 R12=0300276b R13=03007e58 R14=08129d45 R15=08129e50
08129E50 4048 eor r0, r1                          R00=ffffff59 R01=00000059 R02=08180cd8 R03=00000008 R04=08181160 R05=00000078 R06=04000200 R07=03003d28 R08=03007ec6 R09=08180ce8 R10=08181448 R11=00000000 R12=0300276b R13=03007e58 R14=08129d45 R15=08129e52
08129E52 0600 lsl r0, r0, #0x18                   R00=ffffff00 R01=00000059 R02=08180cd8 R03=00000008 R04=08181160 R05=00000078 R06=04000200 R07=03003d28 R08=03007ec6 R09=08180ce8 R10=08181448 R11=00000000 R12=0300276b R13=03007e58 R14=08129d45 R15=08129e54
08129E54 0e00 lsr r0, r0, #0x18                   R00=00000000 R01=00000059 R02=08180cd8 R03=00000008 R04=08181160 R05=00000078 R06=04000200 R07=03003d28 R08=03007ec6 R09=08180ce8 R10=08181448 R11=00000000 R12=0300276b R13=03007e58 R14=08129d45 R15=08129e56
08129E56 bc30 pop {r4,r5}                         R00=00000000 R01=00000059 R02=08180cd8 R03=00000008 R04=08181160 R05=00000078 R06=04000200 R07=03003d28 R08=03007ec6 R09=08180ce8 R10=08181448 R11=00000000 R12=0300276b R13=03007e58 R14=08129d45 R15=08129e58
08129E58 bc02 pop {r1}                            R00=00000000 R01=00000059 R02=08180cd8 R03=00000008 R04=03007ec6 R05=08181160 R06=04000200 R07=03003d28 R08=03007ec6 R09=08180ce8 R10=08181448 R11=00000000 R12=0300276b R13=03007e60 R14=08129d45 R15=08129e5a
08129E5A 4708 bx r1                               R00=00000000 R01=08129d45 R02=08180cd8 R03=00000008 R04=03007ec6 R05=08181160 R06=04000200 R07=03003d28 R08=03007ec6 R09=08180ce8 R10=08181448 R11=00000000 R12=0300276b R13=03007e64 R14=08129d45 R15=08129e5c



; Carrega o valor relativo do ponteiro
; Entrada:
;		Nenhum
; Saída:
;		r3 - Ponteiro relativo (2 Bytes carregados de [03003D18] - 3)
;
0812740C b5f0 push {r4-r7,lr}                     R00=00001180 R01=03003d0c R02=03002230 R03=00001adc R04=00000000 R05=03002230 R06=03002230 R07=03002bb6 R08=03007ec6 R09=04000000 R10=04000200 R11=00000000 R12=0300276b R13=03007e98 R14=081273cf R15=0812740e
0812740E 4647 mov r7, r8                          R00=00001180 R01=03003d0c R02=03002230 R03=00001adc R04=00000000 R05=03002230 R06=03002230 R07=03002bb6 R08=03007ec6 R09=04000000 R10=04000200 R11=00000000 R12=0300276b R13=03007e84 R14=081273cf R15=08127410
08127410 b480 push {r7}                           R00=00001180 R01=03003d0c R02=03002230 R03=00001adc R04=00000000 R05=03002230 R06=03002230 R07=03007ec6 R08=03007ec6 R09=04000000 R10=04000200 R11=00000000 R12=0300276b R13=03007e84 R14=081273cf R15=08127412
08127412 4c22 ldr r4, [$0812749c] (=$03002230)    R00=00001180 R01=03003d0c R02=03002230 R03=00001adc R04=00000000 R05=03002230 R06=03002230 R07=03007ec6 R08=03007ec6 R09=04000000 R10=04000200 R11=00000000 R12=0300276b R13=03007e80 R14=081273cf R15=08127414
08127414 4922 ldr r1, [$081274a0] (=$00001ae8)    R00=00001180 R01=03003d0c R02=03002230 R03=00001adc R04=03002230 R05=03002230 R06=03002230 R07=03007ec6 R08=03007ec6 R09=04000000 R10=04000200 R11=00000000 R12=0300276b R13=03007e80 R14=081273cf R15=08127416
08127416 1860 add r0, r4, r1                      R00=00001180 R01=00001ae8 R02=03002230 R03=00001adc R04=03002230 R05=03002230 R06=03002230 R07=03007ec6 R08=03007ec6 R09=04000000 R10=04000200 R11=00000000 R12=0300276b R13=03007e80 R14=081273cf R15=08127418
08127418 7803 ldrb r3, [r0, #0x0]                 R00=03003d18 R01=00001ae8 R02=03002230 R03=00001adc R04=03002230 R05=03002230 R06=03002230 R07=03007ec6 R08=03007ec6 R09=04000000 R10=04000200 R11=00000000 R12=0300276b R13=03007e80 R14=081273cf R15=0812741a
0812741A 4a22 ldr r2, [$081274a4] (=$00001ae9)    R00=03003d18 R01=00001ae8 R02=03002230 R03=00000015 R04=03002230 R05=03002230 R06=03002230 R07=03007ec6 R08=03007ec6 R09=04000000 R10=04000200 R11=00000000 R12=0300276b R13=03007e80 R14=081273cf R15=0812741c
0812741C 18a0 add r0, r4, r2                      R00=03003d18 R01=00001ae8 R02=00001ae9 R03=00000015 R04=03002230 R05=03002230 R06=03002230 R07=03007ec6 R08=03007ec6 R09=04000000 R10=04000200 R11=00000000 R12=0300276b R13=03007e80 R14=081273cf R15=0812741e
0812741E 7800 ldrb r0, [r0, #0x0]                 R00=03003d19 R01=00001ae8 R02=00001ae9 R03=00000015 R04=03002230 R05=03002230 R06=03002230 R07=03007ec6 R08=03007ec6 R09=04000000 R10=04000200 R11=00000000 R12=0300276b R13=03007e80 R14=081273cf R15=08127420
08127420 0200 lsl r0, r0, #0x08                   R00=00000001 R01=00001ae8 R02=00001ae9 R03=00000015 R04=03002230 R05=03002230 R06=03002230 R07=03007ec6 R08=03007ec6 R09=04000000 R10=04000200 R11=00000000 R12=0300276b R13=03007e80 R14=081273cf R15=08127422
08127422 4303 orr r3, r0                          R00=00000100 R01=00001ae8 R02=00001ae9 R03=00000015 R04=03002230 R05=03002230 R06=03002230 R07=03007ec6 R08=03007ec6 R09=04000000 R10=04000200 R11=00000000 R12=0300276b R13=03007e80 R14=081273cf R15=08127424
08127424 2b0f cmp r3, #0xf                        R00=00000100 R01=00001ae8 R02=00001ae9 R03=00000115 R04=03002230 R05=03002230 R06=03002230 R07=03007ec6 R08=03007ec6 R09=04000000 R10=04000200 R11=00000000 R12=0300276b R13=03007e80 R14=081273cf R15=08127426
08127426 d903 bls $08127430                       R00=00000100 R01=00001ae8 R02=00001ae9 R03=00000115 R04=03002230 R05=03002230 R06=03002230 R07=03007ec6 R08=03007ec6 R09=04000000 R10=04000200 R11=00000000 R12=0300276b R13=03007e80 R14=081273cf R15=08127428
08127428 4d1f ldr r5, [$081274a8] (=$0000fffd)    R00=00000100 R01=00001ae8 R02=00001ae9 R03=00000115 R04=03002230 R05=03002230 R06=03002230 R07=03007ec6 R08=03007ec6 R09=04000000 R10=04000200 R11=00000000 R12=0300276b R13=03007e80 R14=081273cf R15=0812742a
0812742A 1958 add r0, r3, r5                      R00=00000100 R01=00001ae8 R02=00001ae9 R03=00000115 R04=03002230 R05=0000fffd R06=03002230 R07=03007ec6 R08=03007ec6 R09=04000000 R10=04000200 R11=00000000 R12=0300276b R13=03007e80 R14=081273cf R15=0812742c
0812742C 0400 lsl r0, r0, #0x10                   R00=00010112 R01=00001ae8 R02=00001ae9 R03=00000115 R04=03002230 R05=0000fffd R06=03002230 R07=03007ec6 R08=03007ec6 R09=04000000 R10=04000200 R11=00000000 R12=0300276b R13=03007e80 R14=081273cf R15=0812742e
0812742E 0c03 lsr r3, r0, #0x10                   R00=01120000 R01=00001ae8 R02=00001ae9 R03=00000115 R04=03002230 R05=0000fffd R06=03002230 R07=03007ec6 R08=03007ec6 R09=04000000 R10=04000200 R11=00000000 R12=0300276b R13=03007e80 R14=081273cf R15=08127430
08127430 481e ldr r0, [$081274ac] (=$00001af8)    R00=01120000 R01=00001ae8 R02=00001ae9 R03=00000112 R04=03002230 R05=0000fffd R06=03002230 R07=03007ec6 R08=03007ec6 R09=04000000 R10=04000200 R11=00000000 R12=0300276b R13=03007e80 R14=081273cf R15=08127432
08127432 1827 add r7, r4, r0                      R00=00001af8 R01=00001ae8 R02=00001ae9 R03=00000112 R04=03002230 R05=0000fffd R06=03002230 R07=03007ec6 R08=03007ec6 R09=04000000 R10=04000200 R11=00000000 R12=0300276b R13=03007e80 R14=081273cf R15=08127434
08127434 6838 ldr r0, [r7, #0x0]                  R00=00001af8 R01=00001ae8 R02=00001ae9 R03=00000112 R04=03002230 R05=0000fffd R06=03002230 R07=03003d28 R08=03007ec6 R09=04000000 R10=04000200 R11=00000000 R12=0300276b R13=03007e80 R14=081273cf R15=08127436
08127436 4a1e ldr r2, [$081274b0] (=$00001afc)    R00=08180ce8 R01=00001ae8 R02=00001ae9 R03=00000112 R04=03002230 R05=0000fffd R06=03002230 R07=03003d28 R08=03007ec6 R09=04000000 R10=04000200 R11=00000000 R12=0300276b R13=03007e80 R14=081273cf R15=08127438
08127438 18a1 add r1, r4, r2                      R00=08180ce8 R01=00001ae8 R02=00001afc R03=00000112 R04=03002230 R05=0000fffd R06=03002230 R07=03003d28 R08=03007ec6 R09=04000000 R10=04000200 R11=00000000 R12=0300276b R13=03007e80 R14=081273cf R15=0812743a
0812743A 6809 ldr r1, [r1, #0x0]                  R00=08180ce8 R01=03003d2c R02=00001afc R03=00000112 R04=03002230 R05=0000fffd R06=03002230 R07=03003d28 R08=03007ec6 R09=04000000 R10=04000200 R11=00000000 R12=0300276b R13=03007e80 R14=081273cf R15=0812743c
0812743C 25d8 mov r5, #0xd8                       R00=08180ce8 R01=08180d08 R02=00001afc R03=00000112 R04=03002230 R05=0000fffd R06=03002230 R07=03003d28 R08=03007ec6 R09=04000000 R10=04000200 R11=00000000 R12=0300276b R13=03007e80 R14=081273cf R15=0812743e
0812743E 016d lsl r5, r5, #0x05                   R00=08180ce8 R01=08180d08 R02=00001afc R03=00000112 R04=03002230 R05=000000d8 R06=03002230 R07=03003d28 R08=03007ec6 R09=04000000 R10=04000200 R11=00000000 R12=0300276b R13=03007e80 R14=081273cf R15=08127440
08127440 1962 add r2, r4, r5                      R00=08180ce8 R01=08180d08 R02=00001afc R03=00000112 R04=03002230 R05=00001b00 R06=03002230 R07=03003d28 R08=03007ec6 R09=04000000 R10=04000200 R11=00000000 R12=0300276b R13=03007e80 R14=081273cf R15=08127442
08127442 6812 ldr r2, [r2, #0x0]                  R00=08180ce8 R01=08180d08 R02=03003d30 R03=00000112 R04=03002230 R05=00001b00 R06=03002230 R07=03003d28 R08=03007ec6 R09=04000000 R10=04000200 R11=00000000 R12=0300276b R13=03007e80 R14=081273cf R15=08127444
08127444 f002 bl $08129d28                        R00=08180ce8 R01=08180d08 R02=08181448 R03=00000112 R04=03002230 R05=00001b00 R06=03002230 R07=03003d28 R08=03007ec6 R09=04000000 R10=04000200 R11=00000000 R12=0300276b R13=03007e80 R14=081273cf R15=08127446

; Decodifica o ponteiro e acha o endereço absoluto do texto
; Entrada:
;		r1 - Endereço absoluto do ínicio da tabela de ponteiros	(sempre 08180d08??)
;		r3 - Endereço relativo do ponteiro a ser decodificado (r3 * 4 + 10h)
; Saída:
;		r0 - Endereço absoluto do texto a ser decodificado (08181448 + r4 + 08h)
;
08129D28 b570 push {r4-r6,lr}                     R00=08180ce8 R01=08180d08 R02=08181448 R03=00000112 R04=03002230 R05=00001b00 R06=03002230 R07=03003d28 R08=03007ec6 R09=04000000 R10=04000200 R11=00000000 R12=0300276b R13=03007e80 R14=08127449 R15=08129d2a
08129D2A 4656 mov r6, r10                         R00=08180ce8 R01=08180d08 R02=08181448 R03=00000112 R04=03002230 R05=00001b00 R06=03002230 R07=03003d28 R08=03007ec6 R09=04000000 R10=04000200 R11=00000000 R12=0300276b R13=03007e70 R14=08127449 R15=08129d2c
08129D2C 464d mov r5, r9                          R00=08180ce8 R01=08180d08 R02=08181448 R03=00000112 R04=03002230 R05=00001b00 R06=04000200 R07=03003d28 R08=03007ec6 R09=04000000 R10=04000200 R11=00000000 R12=0300276b R13=03007e70 R14=08127449 R15=08129d2e
08129D2E 4644 mov r4, r8                          R00=08180ce8 R01=08180d08 R02=08181448 R03=00000112 R04=03002230 R05=04000000 R06=04000200 R07=03003d28 R08=03007ec6 R09=04000000 R10=04000200 R11=00000000 R12=0300276b R13=03007e70 R14=08127449 R15=08129d30
08129D30 b470 push {r4-r6}                        R00=08180ce8 R01=08180d08 R02=08181448 R03=00000112 R04=03007ec6 R05=04000000 R06=04000200 R07=03003d28 R08=03007ec6 R09=04000000 R10=04000200 R11=00000000 R12=0300276b R13=03007e70 R14=08127449 R15=08129d32
08129D32 4681 mov r9, r0                          R00=08180ce8 R01=08180d08 R02=08181448 R03=00000112 R04=03007ec6 R05=04000000 R06=04000200 R07=03003d28 R08=03007ec6 R09=04000000 R10=04000200 R11=00000000 R12=0300276b R13=03007e64 R14=08127449 R15=08129d34
08129D34 1c0d add r5, r1, #0x0                    R00=08180ce8 R01=08180d08 R02=08181448 R03=00000112 R04=03007ec6 R05=04000000 R06=04000200 R07=03003d28 R08=03007ec6 R09=08180ce8 R10=04000200 R11=00000000 R12=0300276b R13=03007e64 R14=08127449 R15=08129d36
08129D36 4692 mov r10, r2                         R00=08180ce8 R01=08180d08 R02=08181448 R03=00000112 R04=03007ec6 R05=08180d08 R06=04000200 R07=03003d28 R08=03007ec6 R09=08180ce8 R10=04000200 R11=00000000 R12=0300276b R13=03007e64 R14=08127449 R15=08129d38
08129D38 009b lsl r3, r3, #0x02                   R00=08180ce8 R01=08180d08 R02=08181448 R03=00000112 R04=03007ec6 R05=08180d08 R06=04000200 R07=03003d28 R08=03007ec6 R09=08180ce8 R10=08181448 R11=00000000 R12=0300276b R13=03007e64 R14=08127449 R15=08129d3a
08129D3A 3310 add r3, #0x10                       R00=08180ce8 R01=08180d08 R02=08181448 R03=00000448 R04=03007ec6 R05=08180d08 R06=04000200 R07=03003d28 R08=03007ec6 R09=08180ce8 R10=08181448 R11=00000000 R12=0300276b R13=03007e64 R14=08127449 R15=08129d3c
08129D3C 18ed add r5, r5, r3                      R00=08180ce8 R01=08180d08 R02=08181448 R03=00000458 R04=03007ec6 R05=08180d08 R06=04000200 R07=03003d28 R08=03007ec6 R09=08180ce8 R10=08181448 R11=00000000 R12=0300276b R13=03007e64 R14=08127449 R15=08129d3e
08129D3E 1c29 add r1, r5, #0x0                    R00=08180ce8 R01=08180d08 R02=08181448 R03=00000458 R04=03007ec6 R05=08181160 R06=04000200 R07=03003d28 R08=03007ec6 R09=08180ce8 R10=08181448 R11=00000000 R12=0300276b R13=03007e64 R14=08127449 R15=08129d40
08129D40 f000 bl $08129e0c                        R00=08180ce8 R01=08181160 R02=08181448 R03=00000458 R04=03007ec6 R05=08181160 R06=04000200 R07=03003d28 R08=03007ec6 R09=08180ce8 R10=08181448 R11=00000000 R12=0300276b R13=03007e64 R14=08127449 R15=08129d42
08129D42 f864 blh $00c8                           R00=08180ce8 R01=08181160 R02=08181448 R03=00000458 R04=03007ec6 R05=08181160 R06=04000200 R07=03003d28 R08=03007ec6 R09=08180ce8 R10=08181448 R11=00000000 R12=0300276b R13=03007e64 R14=08129d44 R15=08129d44
08129D44 1c04 add r4, r0, #0x0                    R00=00000000 R01=08129d45 R02=08180cd8 R03=00000008 R04=03007ec6 R05=08181160 R06=04000200 R07=03003d28 R08=03007ec6 R09=08180ce8 R10=08181448 R11=00000000 R12=0300276b R13=03007e64 R14=08129d45 R15=08129d46
08129D46 1c69 add r1, r5, #0x1                    R00=00000000 R01=08129d45 R02=08180cd8 R03=00000008 R04=00000000 R05=08181160 R06=04000200 R07=03003d28 R08=03007ec6 R09=08180ce8 R10=08181448 R11=00000000 R12=0300276b R13=03007e64 R14=08129d45 R15=08129d48
08129D48 4648 mov r0, r9                          R00=00000000 R01=08181161 R02=08180cd8 R03=00000008 R04=00000000 R05=08181160 R06=04000200 R07=03003d28 R08=03007ec6 R09=08180ce8 R10=08181448 R11=00000000 R12=0300276b R13=03007e64 R14=08129d45 R15=08129d4a
08129D4A f000 bl $08129e0c                        R00=08180ce8 R01=08181161 R02=08180cd8 R03=00000008 R04=00000000 R05=08181160 R06=04000200 R07=03003d28 R08=03007ec6 R09=08180ce8 R10=08181448 R11=00000000 R12=0300276b R13=03007e64 R14=08129d45 R15=08129d4c
08129D4C f85f blh $00be                           R00=08180ce8 R01=08181161 R02=08180cd8 R03=00000008 R04=00000000 R05=08181160 R06=04000200 R07=03003d28 R08=03007ec6 R09=08180ce8 R10=08181448 R11=00000000 R12=0300276b R13=03007e64 R14=08129d4e R15=08129d4e
08129D4E 4680 mov r8, r0                          R00=00000000 R01=08129d4f R02=08180cd9 R03=00000009 R04=00000000 R05=08181160 R06=04000200 R07=03003d28 R08=03007ec6 R09=08180ce8 R10=08181448 R11=00000000 R12=0300276b R13=03007e64 R14=08129d4f R15=08129d50
08129D50 1ca9 add r1, r5, #0x2                    R00=00000000 R01=08129d4f R02=08180cd9 R03=00000009 R04=00000000 R05=08181160 R06=04000200 R07=03003d28 R08=00000000 R09=08180ce8 R10=08181448 R11=00000000 R12=0300276b R13=03007e64 R14=08129d4f R15=08129d52
08129D52 4648 mov r0, r9                          R00=00000000 R01=08181162 R02=08180cd9 R03=00000009 R04=00000000 R05=08181160 R06=04000200 R07=03003d28 R08=00000000 R09=08180ce8 R10=08181448 R11=00000000 R12=0300276b R13=03007e64 R14=08129d4f R15=08129d54
08129D54 f000 bl $08129e0c                        R00=08180ce8 R01=08181162 R02=08180cd9 R03=00000009 R04=00000000 R05=08181160 R06=04000200 R07=03003d28 R08=00000000 R09=08180ce8 R10=08181448 R11=00000000 R12=0300276b R13=03007e64 R14=08129d4f R15=08129d56
08129D56 f85a blh $00b4                           R00=08180ce8 R01=08181162 R02=08180cd9 R03=00000009 R04=00000000 R05=08181160 R06=04000200 R07=03003d28 R08=00000000 R09=08180ce8 R10=08181448 R11=00000000 R12=0300276b R13=03007e64 R14=08129d58 R15=08129d58
08129D58 1c06 add r6, r0, #0x0                    R00=000000a8 R01=08129d59 R02=08180cda R03=0000000a R04=00000000 R05=08181160 R06=04000200 R07=03003d28 R08=00000000 R09=08180ce8 R10=08181448 R11=00000000 R12=0300276b R13=03007e64 R14=08129d59 R15=08129d5a
08129D5A 3503 add r5, #0x3                        R00=000000a8 R01=08129d59 R02=08180cda R03=0000000a R04=00000000 R05=08181160 R06=000000a8 R07=03003d28 R08=00000000 R09=08180ce8 R10=08181448 R11=00000000 R12=0300276b R13=03007e64 R14=08129d59 R15=08129d5c
08129D5C 4648 mov r0, r9                          R00=000000a8 R01=08129d59 R02=08180cda R03=0000000a R04=00000000 R05=08181163 R06=000000a8 R07=03003d28 R08=00000000 R09=08180ce8 R10=08181448 R11=00000000 R12=0300276b R13=03007e64 R14=08129d59 R15=08129d5e
08129D5E 1c29 add r1, r5, #0x0                    R00=08180ce8 R01=08129d59 R02=08180cda R03=0000000a R04=00000000 R05=08181163 R06=000000a8 R07=03003d28 R08=00000000 R09=08180ce8 R10=08181448 R11=00000000 R12=0300276b R13=03007e64 R14=08129d59 R15=08129d60
08129D60 f000 bl $08129e0c                        R00=08180ce8 R01=08181163 R02=08180cda R03=0000000a R04=00000000 R05=08181163 R06=000000a8 R07=03003d28 R08=00000000 R09=08180ce8 R10=08181448 R11=00000000 R12=0300276b R13=03007e64 R14=08129d59 R15=08129d62
08129D62 f854 blh $00a8                           R00=08180ce8 R01=08181163 R02=08180cda R03=0000000a R04=00000000 R05=08181163 R06=000000a8 R07=03003d28 R08=00000000 R09=08180ce8 R10=08181448 R11=00000000 R12=0300276b R13=03007e64 R14=08129d64 R15=08129d64
08129D64 0624 lsl r4, r4, #0x18                   R00=0000006e R01=08129d65 R02=08180cdb R03=0000000b R04=00000000 R05=08181163 R06=000000a8 R07=03003d28 R08=00000000 R09=08180ce8 R10=08181448 R11=00000000 R12=0300276b R13=03007e64 R14=08129d65 R15=08129d66
08129D66 4641 mov r1, r8                          R00=0000006e R01=08129d65 R02=08180cdb R03=0000000b R04=00000000 R05=08181163 R06=000000a8 R07=03003d28 R08=00000000 R09=08180ce8 R10=08181448 R11=00000000 R12=0300276b R13=03007e64 R14=08129d65 R15=08129d68
08129D68 0609 lsl r1, r1, #0x18                   R00=0000006e R01=00000000 R02=08180cdb R03=0000000b R04=00000000 R05=08181163 R06=000000a8 R07=03003d28 R08=00000000 R09=08180ce8 R10=08181448 R11=00000000 R12=0300276b R13=03007e64 R14=08129d65 R15=08129d6a
08129D6A 0a09 lsr r1, r1, #0x08                   R00=0000006e R01=00000000 R02=08180cdb R03=0000000b R04=00000000 R05=08181163 R06=000000a8 R07=03003d28 R08=00000000 R09=08180ce8 R10=08181448 R11=00000000 R12=0300276b R13=03007e64 R14=08129d65 R15=08129d6c
08129D6C 430c orr r4, r1                          R00=0000006e R01=00000000 R02=08180cdb R03=0000000b R04=00000000 R05=08181163 R06=000000a8 R07=03003d28 R08=00000000 R09=08180ce8 R10=08181448 R11=00000000 R12=0300276b R13=03007e64 R14=08129d65 R15=08129d6e
08129D6E 0636 lsl r6, r6, #0x18                   R00=0000006e R01=00000000 R02=08180cdb R03=0000000b R04=00000000 R05=08181163 R06=000000a8 R07=03003d28 R08=00000000 R09=08180ce8 R10=08181448 R11=00000000 R12=0300276b R13=03007e64 R14=08129d65 R15=08129d70
08129D70 0c36 lsr r6, r6, #0x10                   R00=0000006e R01=00000000 R02=08180cdb R03=0000000b R04=00000000 R05=08181163 R06=a8000000 R07=03003d28 R08=00000000 R09=08180ce8 R10=08181448 R11=00000000 R12=0300276b R13=03007e64 R14=08129d65 R15=08129d72
08129D72 4334 orr r4, r6                          R00=0000006e R01=00000000 R02=08180cdb R03=0000000b R04=00000000 R05=08181163 R06=0000a800 R07=03003d28 R08=00000000 R09=08180ce8 R10=08181448 R11=00000000 R12=0300276b R13=03007e64 R14=08129d65 R15=08129d74
08129D74 0600 lsl r0, r0, #0x18                   R00=0000006e R01=00000000 R02=08180cdb R03=0000000b R04=0000a800 R05=08181163 R06=0000a800 R07=03003d28 R08=00000000 R09=08180ce8 R10=08181448 R11=00000000 R12=0300276b R13=03007e64 R14=08129d65 R15=08129d76
08129D76 0e00 lsr r0, r0, #0x18                   R00=6e000000 R01=00000000 R02=08180cdb R03=0000000b R04=0000a800 R05=08181163 R06=0000a800 R07=03003d28 R08=00000000 R09=08180ce8 R10=08181448 R11=00000000 R12=0300276b R13=03007e64 R14=08129d65 R15=08129d78
08129D78 4304 orr r4, r0                          R00=0000006e R01=00000000 R02=08180cdb R03=0000000b R04=0000a800 R05=08181163 R06=0000a800 R07=03003d28 R08=00000000 R09=08180ce8 R10=08181448 R11=00000000 R12=0300276b R13=03007e64 R14=08129d65 R15=08129d7a
08129D7A 3408 add r4, #0x8                        R00=0000006e R01=00000000 R02=08180cdb R03=0000000b R04=0000a86e R05=08181163 R06=0000a800 R07=03003d28 R08=00000000 R09=08180ce8 R10=08181448 R11=00000000 R12=0300276b R13=03007e64 R14=08129d65 R15=08129d7c
08129D7C 44a2 add r10, r4                         R00=0000006e R01=00000000 R02=08180cdb R03=0000000b R04=0000a876 R05=08181163 R06=0000a800 R07=03003d28 R08=00000000 R09=08180ce8 R10=08181448 R11=00000000 R12=0300276b R13=03007e64 R14=08129d65 R15=08129d7e
08129D7E 4650 mov r0, r10                         R00=0000006e R01=00000000 R02=08180cdb R03=0000000b R04=0000a876 R05=08181163 R06=0000a800 R07=03003d28 R08=00000000 R09=08180ce8 R10=0818bcbe R11=00000000 R12=0300276b R13=03007e64 R14=08129d65 R15=08129d80
08129D80 bc38 pop {r3-r5}                         R00=0818bcbe R01=00000000 R02=08180cdb R03=0000000b R04=0000a876 R05=08181163 R06=0000a800 R07=03003d28 R08=00000000 R09=08180ce8 R10=0818bcbe R11=00000000 R12=0300276b R13=03007e64 R14=08129d65 R15=08129d82
08129D82 4698 mov r8, r3                          R00=0818bcbe R01=00000000 R02=08180cdb R03=03007ec6 R04=04000000 R05=04000200 R06=0000a800 R07=03003d28 R08=00000000 R09=08180ce8 R10=0818bcbe R11=00000000 R12=0300276b R13=03007e70 R14=08129d65 R15=08129d84
08129D84 46a1 mov r9, r4                          R00=0818bcbe R01=00000000 R02=08180cdb R03=03007ec6 R04=04000000 R05=04000200 R06=0000a800 R07=03003d28 R08=03007ec6 R09=08180ce8 R10=0818bcbe R11=00000000 R12=0300276b R13=03007e70 R14=08129d65 R15=08129d86
08129D86 46aa mov r10, r5                         R00=0818bcbe R01=00000000 R02=08180cdb R03=03007ec6 R04=04000000 R05=04000200 R06=0000a800 R07=03003d28 R08=03007ec6 R09=04000000 R10=0818bcbe R11=00000000 R12=0300276b R13=03007e70 R14=08129d65 R15=08129d88
08129D88 bc70 pop {r4-r6}                         R00=0818bcbe R01=00000000 R02=08180cdb R03=03007ec6 R04=04000000 R05=04000200 R06=0000a800 R07=03003d28 R08=03007ec6 R09=04000000 R10=04000200 R11=00000000 R12=0300276b R13=03007e70 R14=08129d65 R15=08129d8a
08129D8A bc02 pop {r1}                            R00=0818bcbe R01=00000000 R02=08180cdb R03=03007ec6 R04=03002230 R05=00001b00 R06=03002230 R07=03003d28 R08=03007ec6 R09=04000000 R10=04000200 R11=00000000 R12=0300276b R13=03007e7c R14=08129d65 R15=08129d8c
08129D8C 4708 bx r1   


; Copia os bytes de texto para a RAM
; Entrada:
;		r0 - Endereço absoluto do texto
; Saída:
;		r0 - Caractere decodificado
;
08127448 1c06 add r6, r0, #0x0                    R00=0818bcbe R01=08127449 R02=08180cdb R03=03007ec6 R04=03002230 R05=00001b00 R06=03002230 R07=03003d28 R08=03007ec6 R09=04000000 R10=04000200 R11=00000000 R12=0300276b R13=03007e80 R14=08129d65 R15=0812744a
0812744A 481a ldr r0, [$081274b4] (=$02005480)    R00=0818bcbe R01=08127449 R02=08180cdb R03=03007ec6 R04=03002230 R05=00001b00 R06=0818bcbe R07=03003d28 R08=03007ec6 R09=04000000 R10=04000200 R11=00000000 R12=0300276b R13=03007e80 R14=08129d65 R15=0812744c
0812744C 217f mov r1, #0x7f                       R00=02005480 R01=08127449 R02=08180cdb R03=03007ec6 R04=03002230 R05=00001b00 R06=0818bcbe R07=03003d28 R08=03007ec6 R09=04000000 R10=04000200 R11=00000000 R12=0300276b R13=03007e80 R14=08129d65 R15=0812744e
0812744E 7001 strb r1, [r0, #0x0]                 R00=02005480 R01=0000007f R02=08180cdb R03=03007ec6 R04=03002230 R05=00001b00 R06=0818bcbe R07=03003d28 R08=03007ec6 R09=04000000 R10=04000200 R11=00000000 R12=0300276b R13=03007e80 R14=08129d65 R15=08127450
08127450 3001 add r0, #0x1                        R00=02005480 R01=0000007f R02=08180cdb R03=03007ec6 R04=03002230 R05=00001b00 R06=0818bcbe R07=03003d28 R08=03007ec6 R09=04000000 R10=04000200 R11=00000000 R12=0300276b R13=03007e80 R14=08129d65 R15=08127452
08127452 7001 strb r1, [r0, #0x0]                 R00=02005481 R01=0000007f R02=08180cdb R03=03007ec6 R04=03002230 R05=00001b00 R06=0818bcbe R07=03003d28 R08=03007ec6 R09=04000000 R10=04000200 R11=00000000 R12=0300276b R13=03007e80 R14=08129d65 R15=08127454
08127454 4818 ldr r0, [$081274b8] (=$00001ad2)    R00=02005481 R01=0000007f R02=08180cdb R03=03007ec6 R04=03002230 R05=00001b00 R06=0818bcbe R07=03003d28 R08=03007ec6 R09=04000000 R10=04000200 R11=00000000 R12=0300276b R13=03007e80 R14=08129d65 R15=08127456
08127456 1822 add r2, r4, r0                      R00=00001ad2 R01=0000007f R02=08180cdb R03=03007ec6 R04=03002230 R05=00001b00 R06=0818bcbe R07=03003d28 R08=03007ec6 R09=04000000 R10=04000200 R11=00000000 R12=0300276b R13=03007e80 R14=08129d65 R15=08127458
08127458 2000 mov r0, #0x0                        R00=00001ad2 R01=0000007f R02=03003d02 R03=03007ec6 R04=03002230 R05=00001b00 R06=0818bcbe R07=03003d28 R08=03007ec6 R09=04000000 R10=04000200 R11=00000000 R12=0300276b R13=03007e80 R14=08129d65 R15=0812745a
0812745A 8010 strh r0, [r2, #0x0]                 R00=00000000 R01=0000007f R02=03003d02 R03=03007ec6 R04=03002230 R05=00001b00 R06=0818bcbe R07=03003d28 R08=03007ec6 R09=04000000 R10=04000200 R11=00000000 R12=0300276b R13=03007e80 R14=08129d65 R15=0812745c
0812745C 4b17 ldr r3, [$081274bc] (=$00001ad6)    R00=00000000 R01=0000007f R02=03003d02 R03=03007ec6 R04=03002230 R05=00001b00 R06=0818bcbe R07=03003d28 R08=03007ec6 R09=04000000 R10=04000200 R11=00000000 R12=0300276b R13=03007e80 R14=08129d65 R15=0812745e
0812745E 18e1 add r1, r4, r3                      R00=00000000 R01=0000007f R02=03003d02 R03=00001ad6 R04=03002230 R05=00001b00 R06=0818bcbe R07=03003d28 R08=03007ec6 R09=04000000 R10=04000200 R11=00000000 R12=0300276b R13=03007e80 R14=08129d65 R15=08127460
08127460 8008 strh r0, [r1, #0x0]                 R00=00000000 R01=03003d06 R02=03003d02 R03=00001ad6 R04=03002230 R05=00001b00 R06=0818bcbe R07=03003d28 R08=03007ec6 R09=04000000 R10=04000200 R11=00000000 R12=0300276b R13=03007e80 R14=08129d65 R15=08127462
08127462 4d17 ldr r5, [$081274c0] (=$0000098e)    R00=00000000 R01=03003d06 R02=03003d02 R03=00001ad6 R04=03002230 R05=00001b00 R06=0818bcbe R07=03003d28 R08=03007ec6 R09=04000000 R10=04000200 R11=00000000 R12=0300276b R13=03007e80 R14=08129d65 R15=08127464
08127464 1960 add r0, r4, r5                      R00=00000000 R01=03003d06 R02=03003d02 R03=00001ad6 R04=03002230 R05=0000098e R06=0818bcbe R07=03003d28 R08=03007ec6 R09=04000000 R10=04000200 R11=00000000 R12=0300276b R13=03007e80 R14=08129d65 R15=08127466
08127466 7800 ldrb r0, [r0, #0x0]                 R00=03002bbe R01=03003d06 R02=03003d02 R03=00001ad6 R04=03002230 R05=0000098e R06=0818bcbe R07=03003d28 R08=03007ec6 R09=04000000 R10=04000200 R11=00000000 R12=0300276b R13=03007e80 R14=08129d65 R15=08127468
08127468 0600 lsl r0, r0, #0x18                   R00=00000001 R01=03003d06 R02=03003d02 R03=00001ad6 R04=03002230 R05=0000098e R06=0818bcbe R07=03003d28 R08=03007ec6 R09=04000000 R10=04000200 R11=00000000 R12=0300276b R13=03007e80 R14=08129d65 R15=0812746a
0812746A 1600 asr r0, r0, #0x18                   R00=01000000 R01=03003d06 R02=03003d02 R03=00001ad6 R04=03002230 R05=0000098e R06=0818bcbe R07=03003d28 R08=03007ec6 R09=04000000 R10=04000200 R11=00000000 R12=0300276b R13=03007e80 R14=08129d65 R15=0812746c
0812746C 2800 cmp r0, #0x0                        R00=00000001 R01=03003d06 R02=03003d02 R03=00001ad6 R04=03002230 R05=0000098e R06=0818bcbe R07=03003d28 R08=03007ec6 R09=04000000 R10=04000200 R11=00000000 R12=0300276b R13=03007e80 R14=08129d65 R15=0812746e
0812746E d169 bne $08127544                       R00=00000001 R01=03003d06 R02=03003d02 R03=00001ad6 R04=03002230 R05=0000098e R06=0818bcbe R07=03003d28 R08=03007ec6 R09=04000000 R10=04000200 R11=00000000 R12=0300276b R13=03007e80 R14=08129d65 R15=08127470
08127544 1c0c add r4, r1, #0x0                    R00=00000001 R01=03003d06 R02=03003d02 R03=00001ad6 R04=03002230 R05=0000098e R06=0818bcbe R07=03003d28 R08=03007ec6 R09=04000000 R10=04000200 R11=00000000 R12=0300276b R13=03007e80 R14=08129d65 R15=08127546
08127546 1c15 add r5, r2, #0x0                    R00=00000001 R01=03003d06 R02=03003d02 R03=00001ad6 R04=03003d06 R05=0000098e R06=0818bcbe R07=03003d28 R08=03007ec6 R09=04000000 R10=04000200 R11=00000000 R12=0300276b R13=03007e80 R14=08129d65 R15=08127548
08127548 46b8 mov r8, r7                          R00=00000001 R01=03003d06 R02=03003d02 R03=00001ad6 R04=03003d06 R05=03003d02 R06=0818bcbe R07=03003d28 R08=03007ec6 R09=04000000 R10=04000200 R11=00000000 R12=0300276b R13=03007e80 R14=08129d65 R15=0812754a
0812754A 4641 mov r1, r8                          R00=00000001 R01=03003d06 R02=03003d02 R03=00001ad6 R04=03003d06 R05=03003d02 R06=0818bcbe R07=03003d28 R08=03003d28 R09=04000000 R10=04000200 R11=00000000 R12=0300276b R13=03007e80 R14=08129d65 R15=0812754c
0812754C 6808 ldr r0, [r1, #0x0]                  R00=00000001 R01=03003d28 R02=03003d02 R03=00001ad6 R04=03003d06 R05=03003d02 R06=0818bcbe R07=03003d28 R08=03003d28 R09=04000000 R10=04000200 R11=00000000 R12=0300276b R13=03007e80 R14=08129d65 R15=0812754e
0812754E 8821 ldrh r1, [r4, #0x0]                 R00=08180ce8 R01=03003d28 R02=03003d02 R03=00001ad6 R04=03003d06 R05=03003d02 R06=0818bcbe R07=03003d28 R08=03003d28 R09=04000000 R10=04000200 R11=00000000 R12=0300276b R13=03007e80 R14=08129d65 R15=08127550
08127550 1871 add r1, r6, r1                      R00=08180ce8 R01=00000000 R02=03003d02 R03=00001ad6 R04=03003d06 R05=03003d02 R06=0818bcbe R07=03003d28 R08=03003d28 R09=04000000 R10=04000200 R11=00000000 R12=0300276b R13=03007e80 R14=08129d65 R15=08127552
08127552 f002 bl $08129e0c                        R00=08180ce8 R01=0818bcbe R02=03003d02 R03=00001ad6 R04=03003d06 R05=03003d02 R06=0818bcbe R07=03003d28 R08=03003d28 R09=04000000 R10=04000200 R11=00000000 R12=0300276b R13=03007e80 R14=08129d65 R15=08127554

; Compara o caractere decodificado do texto com valores pré-definidos
; Entrada:
;		r0 - Caractere decodificado
; Saltos:
;		08127594 - Caso o caractere seja igual a 0Ah
;		08127576 - Caso o caractere seja menor ou igual a 0Ah (no caso, só será válido se menor)
;		0812757A - Caso o caractere seja diferente de 1Ah
;		0812775C - Caso contrário
08127556 0600 lsl r0, r0, #0x18                   R00=0000001a R01=08127557 R02=08180cd6 R03=00000006 R04=03003d06 R05=03003d02 R06=0818bcbe R07=03003d28 R08=03003d28 R09=04000000 R10=04000200 R11=00000000 R12=0300276b R13=03007e80 R14=08127557 R15=08127558
08127558 0e00 lsr r0, r0, #0x18                   R00=1a000000 R01=08127557 R02=08180cd6 R03=00000006 R04=03003d06 R05=03003d02 R06=0818bcbe R07=03003d28 R08=03003d28 R09=04000000 R10=04000200 R11=00000000 R12=0300276b R13=03007e80 R14=08127557 R15=0812755a
0812755A 1c01 add r1, r0, #0x0                    R00=0000001a R01=08127557 R02=08180cd6 R03=00000006 R04=03003d06 R05=03003d02 R06=0818bcbe R07=03003d28 R08=03003d28 R09=04000000 R10=04000200 R11=00000000 R12=0300276b R13=03007e80 R14=08127557 R15=0812755c
0812755C 2700 mov r7, #0x0                        R00=0000001a R01=0000001a R02=08180cd6 R03=00000006 R04=03003d06 R05=03003d02 R06=0818bcbe R07=03003d28 R08=03003d28 R09=04000000 R10=04000200 R11=00000000 R12=0300276b R13=03007e80 R14=08127557 R15=0812755e
0812755E 280a cmp r0, #0xa                        R00=0000001a R01=0000001a R02=08180cd6 R03=00000006 R04=03003d06 R05=03003d02 R06=0818bcbe R07=00000000 R08=03003d28 R09=04000000 R10=04000200 R11=00000000 R12=0300276b R13=03007e80 R14=08127557 R15=08127560
08127560 d018 beq $08127594                       R00=0000001a R01=0000001a R02=08180cd6 R03=00000006 R04=03003d06 R05=03003d02 R06=0818bcbe R07=00000000 R08=03003d28 R09=04000000 R10=04000200 R11=00000000 R12=0300276b R13=03007e80 R14=08127557 R15=08127562
08127562 280a cmp r0, #0xa                        R00=0000001a R01=0000001a R02=08180cd6 R03=00000006 R04=03003d06 R05=03003d02 R06=0818bcbe R07=00000000 R08=03003d28 R09=04000000 R10=04000200 R11=00000000 R12=0300276b R13=03007e80 R14=08127557 R15=08127564
08127564 dd07 ble $08127576                       R00=0000001a R01=0000001a R02=08180cd6 R03=00000006 R04=03003d06 R05=03003d02 R06=0818bcbe R07=00000000 R08=03003d28 R09=04000000 R10=04000200 R11=00000000 R12=0300276b R13=03007e80 R14=08127557 R15=08127566
08127566 291a cmp r1, #0x1a                       R00=0000001a R01=0000001a R02=08180cd6 R03=00000006 R04=03003d06 R05=03003d02 R06=0818bcbe R07=00000000 R08=03003d28 R09=04000000 R10=04000200 R11=00000000 R12=0300276b R13=03007e80 R14=08127557 R15=08127568
08127568 d107 bne $0812757a                       R00=0000001a R01=0000001a R02=08180cd6 R03=00000006 R04=03003d06 R05=03003d02 R06=0818bcbe R07=00000000 R08=03003d28 R09=04000000 R10=04000200 R11=00000000 R12=0300276b R13=03007e80 R14=08127557 R15=0812756a
0812756A 1c30 add r0, r6, #0x0                    R00=0000001a R01=0000001a R02=08180cd6 R03=00000006 R04=03003d06 R05=03003d02 R06=0818bcbe R07=00000000 R08=03003d28 R09=04000000 R10=04000200 R11=00000000 R12=0300276b R13=03007e80 R14=08127557 R15=0812756c
0812756C f000 bl $0812775c                        R00=0818bcbe R01=0000001a R02=08180cd6 R03=00000006 R04=03003d06 R05=03003d02 R06=0818bcbe R07=00000000 R08=03003d28 R09=04000000 R10=04000200 R11=00000000 R12=0300276b R13=03007e80 R14=08127557 R15=0812756e

; Caso o caractere seja igual a 1Ah
; Entrada:
;		r1 - 1Ah (caractere decodificado)
; Saída:
;		r1 - Um endereço de rom (provavelmente a programação de algum evento do jogo)
0812775C b5f0 push {r4-r7,lr}                     R00=0818bcbe R01=0000001a R02=08180cd6 R03=00000006 R04=03003d06 R05=03003d02 R06=0818bcbe R07=00000000 R08=03003d28 R09=04000000 R10=04000200 R11=00000000 R12=0300276b R13=03007e80 R14=08127571 R15=0812775e
0812775E 464f mov r7, r9                          R00=0818bcbe R01=0000001a R02=08180cd6 R03=00000006 R04=03003d06 R05=03003d02 R06=0818bcbe R07=00000000 R08=03003d28 R09=04000000 R10=04000200 R11=00000000 R12=0300276b R13=03007e6c R14=08127571 R15=08127760
08127760 4646 mov r6, r8                          R00=0818bcbe R01=0000001a R02=08180cd6 R03=00000006 R04=03003d06 R05=03003d02 R06=0818bcbe R07=04000000 R08=03003d28 R09=04000000 R10=04000200 R11=00000000 R12=0300276b R13=03007e6c R14=08127571 R15=08127762
08127762 b4c0 push {r6,r7}                        R00=0818bcbe R01=0000001a R02=08180cd6 R03=00000006 R04=03003d06 R05=03003d02 R06=03003d28 R07=04000000 R08=03003d28 R09=04000000 R10=04000200 R11=00000000 R12=0300276b R13=03007e6c R14=08127571 R15=08127764
08127764 1c07 add r7, r0, #0x0                    R00=0818bcbe R01=0000001a R02=08180cd6 R03=00000006 R04=03003d06 R05=03003d02 R06=03003d28 R07=04000000 R08=03003d28 R09=04000000 R10=04000200 R11=00000000 R12=0300276b R13=03007e64 R14=08127571 R15=08127766
08127766 4c20 ldr r4, [$081277e8] (=$03002230)    R00=0818bcbe R01=0000001a R02=08180cd6 R03=00000006 R04=03003d06 R05=03003d02 R06=03003d28 R07=0818bcbe R08=03003d28 R09=04000000 R10=04000200 R11=00000000 R12=0300276b R13=03007e64 R14=08127571 R15=08127768
08127768 4820 ldr r0, [$081277ec] (=$00001af8)    R00=0818bcbe R01=0000001a R02=08180cd6 R03=00000006 R04=03002230 R05=03003d02 R06=03003d28 R07=0818bcbe R08=03003d28 R09=04000000 R10=04000200 R11=00000000 R12=0300276b R13=03007e64 R14=08127571 R15=0812776a
0812776A 1900 add r0, r0, r4                      R00=00001af8 R01=0000001a R02=08180cd6 R03=00000006 R04=03002230 R05=03003d02 R06=03003d28 R07=0818bcbe R08=03003d28 R09=04000000 R10=04000200 R11=00000000 R12=0300276b R13=03007e64 R14=08127571 R15=0812776c
0812776C 4680 mov r8, r0                          R00=03003d28 R01=0000001a R02=08180cd6 R03=00000006 R04=03002230 R05=03003d02 R06=03003d28 R07=0818bcbe R08=03003d28 R09=04000000 R10=04000200 R11=00000000 R12=0300276b R13=03007e64 R14=08127571 R15=0812776e
0812776E 6800 ldr r0, [r0, #0x0]                  R00=03003d28 R01=0000001a R02=08180cd6 R03=00000006 R04=03002230 R05=03003d02 R06=03003d28 R07=0818bcbe R08=03003d28 R09=04000000 R10=04000200 R11=00000000 R12=0300276b R13=03007e64 R14=08127571 R15=08127770
08127770 491f ldr r1, [$081277f0] (=$00001ad6)    R00=08180ce8 R01=0000001a R02=08180cd6 R03=00000006 R04=03002230 R05=03003d02 R06=03003d28 R07=0818bcbe R08=03003d28 R09=04000000 R10=04000200 R11=00000000 R12=0300276b R13=03007e64 R14=08127571 R15=08127772
08127772 1864 add r4, r4, r1                      R00=08180ce8 R01=00001ad6 R02=08180cd6 R03=00000006 R04=03002230 R05=03003d02 R06=03003d28 R07=0818bcbe R08=03003d28 R09=04000000 R10=04000200 R11=00000000 R12=0300276b R13=03007e64 R14=08127571 R15=08127774
08127774 8821 ldrh r1, [r4, #0x0]                 R00=08180ce8 R01=00001ad6 R02=08180cd6 R03=00000006 R04=03003d06 R05=03003d02 R06=03003d28 R07=0818bcbe R08=03003d28 R09=04000000 R10=04000200 R11=00000000 R12=0300276b R13=03007e64 R14=08127571 R15=08127776
08127776 1879 add r1, r7, r1                      R00=08180ce8 R01=00000000 R02=08180cd6 R03=00000006 R04=03003d06 R05=03003d02 R06=03003d28 R07=0818bcbe R08=03003d28 R09=04000000 R10=04000200 R11=00000000 R12=0300276b R13=03007e64 R14=08127571 R15=08127778
08127778 3101 add r1, #0x1                        R00=08180ce8 R01=0818bcbe R02=08180cd6 R03=00000006 R04=03003d06 R05=03003d02 R06=03003d28 R07=0818bcbe R08=03003d28 R09=04000000 R10=04000200 R11=00000000 R12=0300276b R13=03007e64 R14=08127571 R15=0812777a
0812777A f002 bl $08129e0c                        R00=08180ce8 R01=0818bcbf R02=08180cd6 R03=00000006 R04=03003d06 R05=03003d02 R06=03003d28 R07=0818bcbe R08=03003d28 R09=04000000 R10=04000200 R11=00000000 R12=0300276b R13=03007e64 R14=08127571 R15=0812777c
; Decodifica mais um caractere e guarda seu valor em r9
0812777E 0600 lsl r0, r0, #0x18                   R00=00000006 R01=0812777f R02=08180cd7 R03=00000007 R04=03003d06 R05=03003d02 R06=03003d28 R07=0818bcbe R08=03003d28 R09=04000000 R10=04000200 R11=00000000 R12=0300276b R13=03007e64 R14=0812777f R15=08127780
08127780 0e00 lsr r0, r0, #0x18                   R00=06000000 R01=0812777f R02=08180cd7 R03=00000007 R04=03003d06 R05=03003d02 R06=03003d28 R07=0818bcbe R08=03003d28 R09=04000000 R10=04000200 R11=00000000 R12=0300276b R13=03007e64 R14=0812777f R15=08127782
08127782 4681 mov r9, r0                          R00=00000006 R01=0812777f R02=08180cd7 R03=00000007 R04=03003d06 R05=03003d02 R06=03003d28 R07=0818bcbe R08=03003d28 R09=04000000 R10=04000200 R11=00000000 R12=0300276b R13=03007e64 R14=0812777f R15=08127784
08127784 4642 mov r2, r8                          R00=00000006 R01=0812777f R02=08180cd7 R03=00000007 R04=03003d06 R05=03003d02 R06=03003d28 R07=0818bcbe R08=03003d28 R09=00000006 R10=04000200 R11=00000000 R12=0300276b R13=03007e64 R14=0812777f R15=08127786
08127786 6810 ldr r0, [r2, #0x0]                  R00=00000006 R01=0812777f R02=03003d28 R03=00000007 R04=03003d06 R05=03003d02 R06=03003d28 R07=0818bcbe R08=03003d28 R09=00000006 R10=04000200 R11=00000000 R12=0300276b R13=03007e64 R14=0812777f R15=08127788
08127788 8821 ldrh r1, [r4, #0x0]                 R00=08180ce8 R01=0812777f R02=03003d28 R03=00000007 R04=03003d06 R05=03003d02 R06=03003d28 R07=0818bcbe R08=03003d28 R09=00000006 R10=04000200 R11=00000000 R12=0300276b R13=03007e64 R14=0812777f R15=0812778a
0812778A 1879 add r1, r7, r1                      R00=08180ce8 R01=00000000 R02=03003d28 R03=00000007 R04=03003d06 R05=03003d02 R06=03003d28 R07=0818bcbe R08=03003d28 R09=00000006 R10=04000200 R11=00000000 R12=0300276b R13=03007e64 R14=0812777f R15=0812778c
0812778C 3102 add r1, #0x2                        R00=08180ce8 R01=0818bcbe R02=03003d28 R03=00000007 R04=03003d06 R05=03003d02 R06=03003d28 R07=0818bcbe R08=03003d28 R09=00000006 R10=04000200 R11=00000000 R12=0300276b R13=03007e64 R14=0812777f R15=0812778e
0812778E f002 bl $08129e0c                        R00=08180ce8 R01=0818bcc0 R02=03003d28 R03=00000007 R04=03003d06 R05=03003d02 R06=03003d28 R07=0818bcbe R08=03003d28 R09=00000006 R10=04000200 R11=00000000 R12=0300276b R13=03007e64 R14=0812777f R15=08127790
; Decodifica mais um caractere e guarda seu valor em r6
08127792 1c06 add r6, r0, #0x0                    R00=00000000 R01=08127793 R02=08180cd8 R03=00000008 R04=03003d06 R05=03003d02 R06=03003d28 R07=0818bcbe R08=03003d28 R09=00000006 R10=04000200 R11=00000000 R12=0300276b R13=03007e64 R14=08127793 R15=08127794
08127794 0636 lsl r6, r6, #0x18                   R00=00000000 R01=08127793 R02=08180cd8 R03=00000008 R04=03003d06 R05=03003d02 R06=00000000 R07=0818bcbe R08=03003d28 R09=00000006 R10=04000200 R11=00000000 R12=0300276b R13=03007e64 R14=08127793 R15=08127796
08127796 0e36 lsr r6, r6, #0x18                   R00=00000000 R01=08127793 R02=08180cd8 R03=00000008 R04=03003d06 R05=03003d02 R06=00000000 R07=0818bcbe R08=03003d28 R09=00000006 R10=04000200 R11=00000000 R12=0300276b R13=03007e64 R14=08127793 R15=08127798
08127798 4641 mov r1, r8                          R00=00000000 R01=08127793 R02=08180cd8 R03=00000008 R04=03003d06 R05=03003d02 R06=00000000 R07=0818bcbe R08=03003d28 R09=00000006 R10=04000200 R11=00000000 R12=0300276b R13=03007e64 R14=08127793 R15=0812779a
0812779A 6808 ldr r0, [r1, #0x0]                  R00=00000000 R01=03003d28 R02=08180cd8 R03=00000008 R04=03003d06 R05=03003d02 R06=00000000 R07=0818bcbe R08=03003d28 R09=00000006 R10=04000200 R11=00000000 R12=0300276b R13=03007e64 R14=08127793 R15=0812779c
0812779C 8821 ldrh r1, [r4, #0x0]                 R00=08180ce8 R01=03003d28 R02=08180cd8 R03=00000008 R04=03003d06 R05=03003d02 R06=00000000 R07=0818bcbe R08=03003d28 R09=00000006 R10=04000200 R11=00000000 R12=0300276b R13=03007e64 R14=08127793 R15=0812779e
0812779E 1879 add r1, r7, r1                      R00=08180ce8 R01=00000000 R02=08180cd8 R03=00000008 R04=03003d06 R05=03003d02 R06=00000000 R07=0818bcbe R08=03003d28 R09=00000006 R10=04000200 R11=00000000 R12=0300276b R13=03007e64 R14=08127793 R15=081277a0
081277A0 3103 add r1, #0x3                        R00=08180ce8 R01=0818bcbe R02=08180cd8 R03=00000008 R04=03003d06 R05=03003d02 R06=00000000 R07=0818bcbe R08=03003d28 R09=00000006 R10=04000200 R11=00000000 R12=0300276b R13=03007e64 R14=08127793 R15=081277a2
081277A2 f002 bl $08129e0c                        R00=08180ce8 R01=0818bcc1 R02=08180cd8 R03=00000008 R04=03003d06 R05=03003d02 R06=00000000 R07=0818bcbe R08=03003d28 R09=00000006 R10=04000200 R11=00000000 R12=0300276b R13=03007e64 R14=08127793 R15=081277a4
; Decodifica mais um caractere e guarda seu valor em r5
081277A6 1c05 add r5, r0, #0x0                    R00=00000000 R01=081277a7 R02=08180cd9 R03=00000009 R04=03003d06 R05=03003d02 R06=00000000 R07=0818bcbe R08=03003d28 R09=00000006 R10=04000200 R11=00000000 R12=0300276b R13=03007e64 R14=081277a7 R15=081277a8
081277A8 4642 mov r2, r8                          R00=00000000 R01=081277a7 R02=08180cd9 R03=00000009 R04=03003d06 R05=00000000 R06=00000000 R07=0818bcbe R08=03003d28 R09=00000006 R10=04000200 R11=00000000 R12=0300276b R13=03007e64 R14=081277a7 R15=081277aa
081277AA 6810 ldr r0, [r2, #0x0]                  R00=00000000 R01=081277a7 R02=03003d28 R03=00000009 R04=03003d06 R05=00000000 R06=00000000 R07=0818bcbe R08=03003d28 R09=00000006 R10=04000200 R11=00000000 R12=0300276b R13=03007e64 R14=081277a7 R15=081277ac
081277AC 8821 ldrh r1, [r4, #0x0]                 R00=08180ce8 R01=081277a7 R02=03003d28 R03=00000009 R04=03003d06 R05=00000000 R06=00000000 R07=0818bcbe R08=03003d28 R09=00000006 R10=04000200 R11=00000000 R12=0300276b R13=03007e64 R14=081277a7 R15=081277ae
081277AE 1879 add r1, r7, r1                      R00=08180ce8 R01=00000000 R02=03003d28 R03=00000009 R04=03003d06 R05=00000000 R06=00000000 R07=0818bcbe R08=03003d28 R09=00000006 R10=04000200 R11=00000000 R12=0300276b R13=03007e64 R14=081277a7 R15=081277b0
081277B0 3104 add r1, #0x4                        R00=08180ce8 R01=0818bcbe R02=03003d28 R03=00000009 R04=03003d06 R05=00000000 R06=00000000 R07=0818bcbe R08=03003d28 R09=00000006 R10=04000200 R11=00000000 R12=0300276b R13=03007e64 R14=081277a7 R15=081277b2
081277B2 f002 bl $08129e0c                        R00=08180ce8 R01=0818bcc2 R02=03003d28 R03=00000009 R04=03003d06 R05=00000000 R06=00000000 R07=0818bcbe R08=03003d28 R09=00000006 R10=04000200 R11=00000000 R12=0300276b R13=03007e64 R14=081277a7 R15=081277b4
; Decodifica mais um caractere e guarda seu valor em r0
; Se o segundo caractere lido (r6) não for 0, pula para 081277F8 (não sei se acontece)
; O quarto caractere lido (r0) é subtraído de 67h, multiplicado por 4 e somado a um valor constante 08180A6C. Algum tipo de chamada evento?
081277B6 062d lsl r5, r5, #0x18                   R00=0000006e R01=081277b7 R02=08180cda R03=0000000a R04=03003d06 R05=00000000 R06=00000000 R07=0818bcbe R08=03003d28 R09=00000006 R10=04000200 R11=00000000 R12=0300276b R13=03007e64 R14=081277b7 R15=081277b8
081277B8 0600 lsl r0, r0, #0x18                   R00=0000006e R01=081277b7 R02=08180cda R03=0000000a R04=03003d06 R05=00000000 R06=00000000 R07=0818bcbe R08=03003d28 R09=00000006 R10=04000200 R11=00000000 R12=0300276b R13=03007e64 R14=081277b7 R15=081277ba
081277BA 0a00 lsr r0, r0, #0x08                   R00=6e000000 R01=081277b7 R02=08180cda R03=0000000a R04=03003d06 R05=00000000 R06=00000000 R07=0818bcbe R08=03003d28 R09=00000006 R10=04000200 R11=00000000 R12=0300276b R13=03007e64 R14=081277b7 R15=081277bc
081277BC 4328 orr r0, r5                          R00=006e0000 R01=081277b7 R02=08180cda R03=0000000a R04=03003d06 R05=00000000 R06=00000000 R07=0818bcbe R08=03003d28 R09=00000006 R10=04000200 R11=00000000 R12=0300276b R13=03007e64 R14=081277b7 R15=081277be
081277BE 0c04 lsr r4, r0, #0x10                   R00=006e0000 R01=081277b7 R02=08180cda R03=0000000a R04=03003d06 R05=00000000 R06=00000000 R07=0818bcbe R08=03003d28 R09=00000006 R10=04000200 R11=00000000 R12=0300276b R13=03007e64 R14=081277b7 R15=081277c0
081277C0 2000 mov r0, #0x0                        R00=006e0000 R01=081277b7 R02=08180cda R03=0000000a R04=0000006e R05=00000000 R06=00000000 R07=0818bcbe R08=03003d28 R09=00000006 R10=04000200 R11=00000000 R12=0300276b R13=03007e64 R14=081277b7 R15=081277c2
081277C2 4680 mov r8, r0                          R00=00000000 R01=081277b7 R02=08180cda R03=0000000a R04=0000006e R05=00000000 R06=00000000 R07=0818bcbe R08=03003d28 R09=00000006 R10=04000200 R11=00000000 R12=0300276b R13=03007e64 R14=081277b7 R15=081277c4
081277C4 2e00 cmp r6, #0x0                        R00=00000000 R01=081277b7 R02=08180cda R03=0000000a R04=0000006e R05=00000000 R06=00000000 R07=0818bcbe R08=00000000 R09=00000006 R10=04000200 R11=00000000 R12=0300276b R13=03007e64 R14=081277b7 R15=081277c6
081277C6 d117 bne $081277f8                       R00=00000000 R01=081277b7 R02=08180cda R03=0000000a R04=0000006e R05=00000000 R06=00000000 R07=0818bcbe R08=00000000 R09=00000006 R10=04000200 R11=00000000 R12=0300276b R13=03007e64 R14=081277b7 R15=081277c8
081277C8 480a ldr r0, [$081277f4] (=$08180a6c)    R00=00000000 R01=081277b7 R02=08180cda R03=0000000a R04=0000006e R05=00000000 R06=00000000 R07=0818bcbe R08=00000000 R09=00000006 R10=04000200 R11=00000000 R12=0300276b R13=03007e64 R14=081277b7 R15=081277ca
081277CA 1c21 add r1, r4, #0x0                    R00=08180a6c R01=081277b7 R02=08180cda R03=0000000a R04=0000006e R05=00000000 R06=00000000 R07=0818bcbe R08=00000000 R09=00000006 R10=04000200 R11=00000000 R12=0300276b R13=03007e64 R14=081277b7 R15=081277cc
081277CC 3967 sub r1, #0x67                       R00=08180a6c R01=0000006e R02=08180cda R03=0000000a R04=0000006e R05=00000000 R06=00000000 R07=0818bcbe R08=00000000 R09=00000006 R10=04000200 R11=00000000 R12=0300276b R13=03007e64 R14=081277b7 R15=081277ce
081277CE 0089 lsl r1, r1, #0x02                   R00=08180a6c R01=00000007 R02=08180cda R03=0000000a R04=0000006e R05=00000000 R06=00000000 R07=0818bcbe R08=00000000 R09=00000006 R10=04000200 R11=00000000 R12=0300276b R13=03007e64 R14=081277b7 R15=081277d0
081277D0 1809 add r1, r1, r0                      R00=08180a6c R01=0000001c R02=08180cda R03=0000000a R04=0000006e R05=00000000 R06=00000000 R07=0818bcbe R08=00000000 R09=00000006 R10=04000200 R11=00000000 R12=0300276b R13=03007e64 R14=081277b7 R15=081277d2
081277D2 6809 ldr r1, [r1, #0x0]                  R00=08180a6c R01=08180a88 R02=08180cda R03=0000000a R04=0000006e R05=00000000 R06=00000000 R07=0818bcbe R08=00000000 R09=00000006 R10=04000200 R11=00000000 R12=0300276b R13=03007e64 R14=081277b7 R15=081277d4
081277D4 1c38 add r0, r7, #0x0                    R00=08180a6c R01=081279a1 R02=08180cda R03=0000000a R04=0000006e R05=00000000 R06=00000000 R07=0818bcbe R08=00000000 R09=00000006 R10=04000200 R11=00000000 R12=0300276b R13=03007e64 R14=081277b7 R15=081277d6
081277D6 f00e bl $08135fec                        R00=0818bcbe R01=081279a1 R02=08180cda R03=0000000a R04=0000006e R05=00000000 R06=00000000 R07=0818bcbe R08=00000000 R09=00000006 R10=04000200 R11=00000000 R12=0300276b R13=03007e64 R14=081277b7 R15=081277d8



! Essa rotina foi alterada para ler um byte da rom e retorná-lo em r0 !
### SUB-ROTINA ###
; Decodifica um byte (seja ponteiro, seja texto)
; Entrada:
;		r0 - Ínicio dos dados codificados (sempre 08180ce8)
; 		r1 - Posição do byte a ser decodificado
; Saída:
;		r0 - Byte decodificado
08129E0C b530 push {r4,r5,lr}                     R00=08180ce8 R01=08181160 R02=08181448 R03=00000458 R04=03007ec6 R05=08181160 R06=04000200 R07=03003d28 R08=03007ec6 R09=08180ce8 R10=08181448 R11=00000000 R12=0300276b R13=03007e64 R14=08129d45 R15=08129e0e
08129E0E 1c0c add r4, r1, #0x0                    R00=08180ce8 R01=08181160 R02=08181448 R03=00000458 R04=03007ec6 R05=08181160 R06=04000200 R07=03003d28 R08=03007ec6 R09=08180ce8 R10=08181448 R11=00000000 R12=0300276b R13=03007e58 R14=08129d45 R15=08129e10
08129E10 1a20 sub r0, r4, r0                      R00=08180ce8 R01=08181160 R02=08181448 R03=00000458 R04=08181160 R05=08181160 R06=04000200 R07=03003d28 R08=03007ec6 R09=08180ce8 R10=08181448 R11=00000000 R12=0300276b R13=03007e58 R14=08129d45 R15=08129e12
08129E12 25ff mov r5, #0xff                       R00=00000478 R01=08181160 R02=08181448 R03=00000458 R04=08181160 R05=08181160 R06=04000200 R07=03003d28 R08=03007ec6 R09=08180ce8 R10=08181448 R11=00000000 R12=0300276b R13=03007e58 R14=08129d45 R15=08129e14
08129E14 4005 and r5, r0                          R00=00000478 R01=08181160 R02=08181448 R03=00000458 R04=08181160 R05=000000ff R06=04000200 R07=03003d28 R08=03007ec6 R09=08180ce8 R10=08181448 R11=00000000 R12=0300276b R13=03007e58 R14=08129d45 R15=08129e16
08129E16 210f mov r1, #0xf                        R00=00000478 R01=08181160 R02=08181448 R03=00000458 R04=08181160 R05=00000078 R06=04000200 R07=03003d28 R08=03007ec6 R09=08180ce8 R10=08181448 R11=00000000 R12=0300276b R13=03007e58 R14=08129d45 R15=08129e18
08129E18 1c03 add r3, r0, #0x0                    R00=00000478 R01=0000000f R02=08181448 R03=00000458 R04=08181160 R05=00000078 R06=04000200 R07=03003d28 R08=03007ec6 R09=08180ce8 R10=08181448 R11=00000000 R12=0300276b R13=03007e58 R14=08129d45 R15=08129e1a
08129E1A 400b and r3, r1                          R00=00000478 R01=0000000f R02=08181448 R03=00000478 R04=08181160 R05=00000078 R06=04000200 R07=03003d28 R08=03007ec6 R09=08180ce8 R10=08181448 R11=00000000 R12=0300276b R13=03007e58 R14=08129d45 R15=08129e1c
08129E1C 282a cmp r0, #0x2a                       R00=00000478 R01=0000000f R02=08181448 R03=00000008 R04=08181160 R05=00000078 R06=04000200 R07=03003d28 R08=03007ec6 R09=08180ce8 R10=08181448 R11=00000000 R12=0300276b R13=03007e58 R14=08129d45 R15=08129e1e
08129E1E dc09 bgt $08129e34                       R00=00000478 R01=0000000f R02=08181448 R03=00000008 R04=08181160 R05=00000078 R06=04000200 R07=03003d28 R08=03007ec6 R09=08180ce8 R10=08181448 R11=00000000 R12=0300276b R13=03007e58 R14=08129d45 R15=08129e20
08129E34 4a09 ldr r2, [$08129e5c] (=$08180cd0)    R00=00000478 R01=0000000f R02=08181448 R03=00000008 R04=08181160 R05=00000078 R06=04000200 R07=03003d28 R08=03007ec6 R09=08180ce8 R10=08181448 R11=00000000 R12=0300276b R13=03007e58 R14=08129d45 R15=08129e36
08129E36 1ac8 sub r0, r1, r3                      R00=00000478 R01=0000000f R02=08180cd0 R03=00000008 R04=08181160 R05=00000078 R06=04000200 R07=03003d28 R08=03007ec6 R09=08180ce8 R10=08181448 R11=00000000 R12=0300276b R13=03007e58 R14=08129d45 R15=08129e38
08129E38 1880 add r0, r0, r2                      R00=00000007 R01=0000000f R02=08180cd0 R03=00000008 R04=08181160 R05=00000078 R06=04000200 R07=03003d28 R08=03007ec6 R09=08180ce8 R10=08181448 R11=00000000 R12=0300276b R13=03007e58 R14=08129d45 R15=08129e3a
08129E3A 7800 ldrb r0, [r0, #0x0]                 R00=08180cd7 R01=0000000f R02=08180cd0 R03=00000008 R04=08181160 R05=00000078 R06=04000200 R07=03003d28 R08=03007ec6 R09=08180ce8 R10=08181448 R11=00000000 R12=0300276b R13=03007e58 R14=08129d45 R15=08129e3c
08129E3C 1a28 sub r0, r5, r0                      R00=0000006a R01=0000000f R02=08180cd0 R03=00000008 R04=08181160 R05=00000078 R06=04000200 R07=03003d28 R08=03007ec6 R09=08180ce8 R10=08181448 R11=00000000 R12=0300276b R13=03007e58 R14=08129d45 R15=08129e3e
08129E3E 7821 ldrb r1, [r4, #0x0]                 R00=0000000e R01=0000000f R02=08180cd0 R03=00000008 R04=08181160 R05=00000078 R06=04000200 R07=03003d28 R08=03007ec6 R09=08180ce8 R10=08181448 R11=00000000 R12=0300276b R13=03007e58 R14=08129d45 R15=08129e40
08129E40 4048 eor r0, r1                          R00=0000000e R01=00000010 R02=08180cd0 R03=00000008 R04=08181160 R05=00000078 R06=04000200 R07=03003d28 R08=03007ec6 R09=08180ce8 R10=08181448 R11=00000000 R12=0300276b R13=03007e58 R14=08129d45 R15=08129e42
08129E42 1c21 add r1, r4, #0x0                    R00=0000001e R01=00000010 R02=08180cd0 R03=00000008 R04=08181160 R05=00000078 R06=04000200 R07=03003d28 R08=03007ec6 R09=08180ce8 R10=08181448 R11=00000000 R12=0300276b R13=03007e58 R14=08129d45 R15=08129e44
08129E44 392b sub r1, #0x2b                       R00=0000001e R01=08181160 R02=08180cd0 R03=00000008 R04=08181160 R05=00000078 R06=04000200 R07=03003d28 R08=03007ec6 R09=08180ce8 R10=08181448 R11=00000000 R12=0300276b R13=03007e58 R14=08129d45 R15=08129e46
08129E46 7809 ldrb r1, [r1, #0x0]                 R00=0000001e R01=08181135 R02=08180cd0 R03=00000008 R04=08181160 R05=00000078 R06=04000200 R07=03003d28 R08=03007ec6 R09=08180ce8 R10=08181448 R11=00000000 R12=0300276b R13=03007e58 R14=08129d45 R15=08129e48
08129E48 1a40 sub r0, r0, r1                      R00=0000001e R01=0000004d R02=08180cd0 R03=00000008 R04=08181160 R05=00000078 R06=04000200 R07=03003d28 R08=03007ec6 R09=08180ce8 R10=08181448 R11=00000000 R12=0300276b R13=03007e58 R14=08129d45 R15=08129e4a
08129E4A 1b40 sub r0, r0, r5                      R00=ffffffd1 R01=0000004d R02=08180cd0 R03=00000008 R04=08181160 R05=00000078 R06=04000200 R07=03003d28 R08=03007ec6 R09=08180ce8 R10=08181448 R11=00000000 R12=0300276b R13=03007e58 R14=08129d45 R15=08129e4c
08129E4C 189a add r2, r3, r2                      R00=ffffff59 R01=0000004d R02=08180cd0 R03=00000008 R04=08181160 R05=00000078 R06=04000200 R07=03003d28 R08=03007ec6 R09=08180ce8 R10=08181448 R11=00000000 R12=0300276b R13=03007e58 R14=08129d45 R15=08129e4e
08129E4E 7811 ldrb r1, [r2, #0x0]                 R00=ffffff59 R01=0000004d R02=08180cd8 R03=00000008 R04=08181160 R05=00000078 R06=04000200 R07=03003d28 R08=03007ec6 R09=08180ce8 R10=08181448 R11=00000000 R12=0300276b R13=03007e58 R14=08129d45 R15=08129e50
08129E50 4048 eor r0, r1                          R00=ffffff59 R01=00000059 R02=08180cd8 R03=00000008 R04=08181160 R05=00000078 R06=04000200 R07=03003d28 R08=03007ec6 R09=08180ce8 R10=08181448 R11=00000000 R12=0300276b R13=03007e58 R14=08129d45 R15=08129e52
08129E52 0600 lsl r0, r0, #0x18                   R00=ffffff00 R01=00000059 R02=08180cd8 R03=00000008 R04=08181160 R05=00000078 R06=04000200 R07=03003d28 R08=03007ec6 R09=08180ce8 R10=08181448 R11=00000000 R12=0300276b R13=03007e58 R14=08129d45 R15=08129e54
08129E54 0e00 lsr r0, r0, #0x18                   R00=00000000 R01=00000059 R02=08180cd8 R03=00000008 R04=08181160 R05=00000078 R06=04000200 R07=03003d28 R08=03007ec6 R09=08180ce8 R10=08181448 R11=00000000 R12=0300276b R13=03007e58 R14=08129d45 R15=08129e56
08129E56 bc30 pop {r4,r5}                         R00=00000000 R01=00000059 R02=08180cd8 R03=00000008 R04=08181160 R05=00000078 R06=04000200 R07=03003d28 R08=03007ec6 R09=08180ce8 R10=08181448 R11=00000000 R12=0300276b R13=03007e58 R14=08129d45 R15=08129e58
08129E58 bc02 pop {r1}                            R00=00000000 R01=00000059 R02=08180cd8 R03=00000008 R04=03007ec6 R05=08181160 R06=04000200 R07=03003d28 R08=03007ec6 R09=08180ce8 R10=08181448 R11=00000000 R12=0300276b R13=03007e60 R14=08129d45 R15=08129e5a
08129E5A 4708 bx r1                               R00=00000000 R01=08129d45 R02=08180cd8 R03=00000008 R04=03007ec6 R05=08181160 R06=04000200 R07=03003d28 R08=03007ec6 R09=08180ce8 R10=08181448 R11=00000000 R12=0300276b R13=03007e64 R14=08129d45 R15=08129e5c


